#
# There is insufficient memory for the Java Runtime Environment to continue.
# Native memory allocation (malloc) failed to allocate 2003424 bytes. Error detail: Chunk::new
# Possible reasons:
#   The system is out of physical RAM or swap space
#   This process is running with CompressedOops enabled, and the Java Heap may be blocking the growth of the native heap
# Possible solutions:
#   Reduce memory load on the system
#   Increase physical memory or swap space
#   Check if swap backing store is full
#   Decrease Java heap size (-Xmx/-Xms)
#   Decrease number of Java threads
#   Decrease Java thread stack sizes (-Xss)
#   Set larger code cache with -XX:ReservedCodeCacheSize=
#   JVM is running with Unscaled Compressed Oops mode in which the Java heap is
#     placed in the first 4GB address space. The Java Heap base address is the
#     maximum limit for the native heap growth. Please use -XX:HeapBaseMinAddress
#     to set the Java Heap base and to place the Java Heap above 4GB virtual address.
# This output file may be truncated or incomplete.
#
#  Out of Memory Error (arena.cpp:168), pid=13684, tid=1784
#
# JRE version: OpenJDK Runtime Environment Temurin-21.0.10+7 (21.0.10+7) (build 21.0.10+7-LTS)
# Java VM: OpenJDK 64-Bit Server VM Temurin-21.0.10+7 (21.0.10+7-LTS, mixed mode, sharing, tiered, compressed oops, compressed class ptrs, parallel gc, windows-amd64)
# No core dump will be written. Minidumps are not enabled by default on client versions of Windows
#

---------------  S U M M A R Y ------------

Command Line: --add-modules=ALL-SYSTEM --add-opens=java.base/java.util=ALL-UNNAMED --add-opens=java.base/java.lang=ALL-UNNAMED --add-opens=java.base/sun.nio.fs=ALL-UNNAMED -Declipse.application=org.eclipse.jdt.ls.core.id1 -Dosgi.bundles.defaultStartLevel=4 -Declipse.product=org.eclipse.jdt.ls.core.product -Djava.import.generatesMetadataFilesAtProjectRoot=false -DDetectVMInstallationsJob.disabled=true -Dfile.encoding=utf8 -XX:+UseParallelGC -XX:GCTimeRatio=4 -XX:AdaptiveSizePolicyWeight=90 -Dsun.zip.disableMemoryMapping=true -Xmx2G -Xms100m -Xlog:disable -javaagent:c:\Users\Dell\.vscode\extensions\redhat.java-1.53.0-win32-x64\lombok\lombok-1.18.39-4050.jar -XX:+HeapDumpOnOutOfMemoryError -XX:HeapDumpPath=c:\Users\Dell\AppData\Roaming\Code\User\workspaceStorage\36d224bc502b4944a92383fba9c9c796\redhat.java -Daether.dependencyCollector.impl=bf c:\Users\Dell\.vscode\extensions\redhat.java-1.53.0-win32-x64\server\plugins\org.eclipse.equinox.launcher_1.7.100.v20251111-0406.jar -configuration c:\Users\Dell\AppData\Roaming\Code\User\globalStorage\redhat.java\1.53.0\config_win -data c:\Users\Dell\AppData\Roaming\Code\User\workspaceStorage\36d224bc502b4944a92383fba9c9c796\redhat.java\jdt_ws --pipe=\\.\pipe\lsp-e99a187c715b2dde14b6d204a72fe8bf-sock

Host: Intel(R) Core(TM) i5-8350U CPU @ 1.70GHz, 8 cores, 7G,  Windows 11 , 64 bit Build 26100 (10.0.26100.7920)
Time: Wed Mar 25 15:36:25 2026 India Standard Time elapsed time: 7027.008865 seconds (0d 1h 57m 7s)

---------------  T H R E A D  ---------------

Current thread (0x000001ebf948dda0):  JavaThread "C2 CompilerThread0" daemon [_thread_in_native, id=1784, stack(0x000000228a300000,0x000000228a400000) (1024K)]


Current CompileTask:
C2:7027010 19732   !   4       org.eclipse.jdt.internal.core.JarPackageFragmentRoot::computeChildren (606 bytes)

Stack: [0x000000228a300000,0x000000228a400000]
Native frames: (J=compiled Java code, j=interpreted, Vv=VM code, C=native code)
V  [jvm.dll+0x6d7a39]
V  [jvm.dll+0x8b4b26]
V  [jvm.dll+0x8b70de]
V  [jvm.dll+0x8b77c3]
V  [jvm.dll+0x284346]
V  [jvm.dll+0xc66ed]
V  [jvm.dll+0xc6c31]
V  [jvm.dll+0x3bec3b]
V  [jvm.dll+0x38b162]
V  [jvm.dll+0x38a5aa]
V  [jvm.dll+0x24c560]
V  [jvm.dll+0x24bb40]
V  [jvm.dll+0x1cb34e]
V  [jvm.dll+0x25b85d]
V  [jvm.dll+0x259dea]
V  [jvm.dll+0x3f857e]
V  [jvm.dll+0x85f59d]
V  [jvm.dll+0x6d626d]
C  [ucrtbase.dll+0x37b0]
C  [KERNEL32.DLL+0x2e8d7]
C  [ntdll.dll+0x8c48c]


---------------  P R O C E S S  ---------------

Threads class SMR info:
_java_thread_list=0x000001ebc17b5920, length=63, elements={
0x000001ebe0adc490, 0x000001ebf946ed50, 0x000001ebf9471080, 0x000001ebf9474cb0,
0x000001ebf9476920, 0x000001ebf947ae50, 0x000001ebf9482070, 0x000001ebf948dda0,
0x000001ebf948e8f0, 0x000001ebff1a02d0, 0x000001ebff1a1680, 0x000001ebff1a1d10,
0x000001ebff19fc40, 0x000001ebff1a0960, 0x000001ebff1a0ff0, 0x000001ebff1a23a0,
0x000001ebff1a2a30, 0x000001ebff1a30c0, 0x000001ebff71a780, 0x000001ebff71ae10,
0x000001ebff71b4a0, 0x000001ebff718020, 0x000001ebff71bb30, 0x000001ebff7186b0,
0x000001ebff71efb0, 0x000001ebff71cee0, 0x000001ebff71c1c0, 0x000001ebff71dc00,
0x000001ebff71d570, 0x000001ebff71e290, 0x000001ebc512de40, 0x000001ebc512d120,
0x000001ebc31ce800, 0x000001ebc1a83b40, 0x000001ebc1a841d0, 0x000001ebc1a82e20,
0x000001ebc1a81a70, 0x000001ebc31cfbb0, 0x000001ebc4c967f0, 0x000001ebc4c93370,
0x000001ebc4c94720, 0x000001ebc4c95ad0, 0x000001ebc4c97510, 0x000001ebc4c94090,
0x000001ebc4c988c0, 0x000001ebc4c98f50, 0x000001ebc4c9a300, 0x000001ebc1a80d50,
0x000001ebc1a80030, 0x000001ebc1a806c0, 0x000001ebc1a7df60, 0x000001ebc1a7e5f0,
0x000001ebc1a84ef0, 0x000001ebc1a85580, 0x000001ebc1a84860, 0x000001ebc1a834b0,
0x000001ebc1a82790, 0x000001ebc31cc0a0, 0x000001ebc31d29a0, 0x000001ebc31d2310,
0x000001ebc512d7b0, 0x000001ebc512f1f0, 0x000001ebc2ca1500
}

Java Threads: ( => current thread )
  0x000001ebe0adc490 JavaThread "main"                              [_thread_blocked, id=8664, stack(0x0000002289900000,0x0000002289a00000) (1024K)]
  0x000001ebf946ed50 JavaThread "Reference Handler"          daemon [_thread_blocked, id=11116, stack(0x0000002289d00000,0x0000002289e00000) (1024K)]
  0x000001ebf9471080 JavaThread "Finalizer"                  daemon [_thread_blocked, id=17404, stack(0x0000002289e00000,0x0000002289f00000) (1024K)]
  0x000001ebf9474cb0 JavaThread "Signal Dispatcher"          daemon [_thread_blocked, id=21076, stack(0x0000002289f00000,0x000000228a000000) (1024K)]
  0x000001ebf9476920 JavaThread "Attach Listener"            daemon [_thread_blocked, id=2764, stack(0x000000228a000000,0x000000228a100000) (1024K)]
  0x000001ebf947ae50 JavaThread "Service Thread"             daemon [_thread_blocked, id=5332, stack(0x000000228a100000,0x000000228a200000) (1024K)]
  0x000001ebf9482070 JavaThread "Monitor Deflation Thread"   daemon [_thread_blocked, id=20096, stack(0x000000228a200000,0x000000228a300000) (1024K)]
=>0x000001ebf948dda0 JavaThread "C2 CompilerThread0"         daemon [_thread_in_native, id=1784, stack(0x000000228a300000,0x000000228a400000) (1024K)]
  0x000001ebf948e8f0 JavaThread "C1 CompilerThread0"         daemon [_thread_blocked, id=8016, stack(0x000000228a400000,0x000000228a500000) (1024K)]
  0x000001ebff1a02d0 JavaThread "Common-Cleaner"             daemon [_thread_blocked, id=16728, stack(0x000000228a500000,0x000000228a600000) (1024K)]
  0x000001ebff1a1680 JavaThread "Notification Thread"        daemon [_thread_blocked, id=10912, stack(0x000000228a700000,0x000000228a800000) (1024K)]
  0x000001ebff1a1d10 JavaThread "Active Thread: Equinox Container: 44aac0a9-7fe3-4057-b3c6-2914585b7cf0"        [_thread_blocked, id=2664, stack(0x000000228af00000,0x000000228b000000) (1024K)]
  0x000001ebff19fc40 JavaThread "Refresh Thread: Equinox Container: 44aac0a9-7fe3-4057-b3c6-2914585b7cf0" daemon [_thread_blocked, id=4728, stack(0x000000228b100000,0x000000228b200000) (1024K)]
  0x000001ebff1a0960 JavaThread "Framework Event Dispatcher: Equinox Container: 44aac0a9-7fe3-4057-b3c6-2914585b7cf0" daemon [_thread_blocked, id=21500, stack(0x000000228b200000,0x000000228b300000) (1024K)]
  0x000001ebff1a0ff0 JavaThread "Start Level: Equinox Container: 44aac0a9-7fe3-4057-b3c6-2914585b7cf0" daemon [_thread_blocked, id=17352, stack(0x000000228b300000,0x000000228b400000) (1024K)]
  0x000001ebff1a23a0 JavaThread "Bundle File Closer"         daemon [_thread_blocked, id=20896, stack(0x000000228a600000,0x000000228a700000) (1024K)]
  0x000001ebff1a2a30 JavaThread "SCR Component Actor"        daemon [_thread_blocked, id=20984, stack(0x000000228ae00000,0x000000228af00000) (1024K)]
  0x000001ebff1a30c0 JavaThread "Worker-JM"                         [_thread_blocked, id=3100, stack(0x000000228b500000,0x000000228b600000) (1024K)]
  0x000001ebff71a780 JavaThread "JNA Cleaner"                daemon [_thread_blocked, id=19124, stack(0x000000228b400000,0x000000228b500000) (1024K)]
  0x000001ebff71ae10 JavaThread "Java indexing"              daemon [_thread_blocked, id=4300, stack(0x000000228bb00000,0x000000228bc00000) (1024K)]
  0x000001ebff71b4a0 JavaThread "Thread-1"                   daemon [_thread_in_native, id=17928, stack(0x000000228bf00000,0x000000228c000000) (1024K)]
  0x000001ebff718020 JavaThread "Thread-2"                   daemon [_thread_in_native, id=8376, stack(0x000000228c000000,0x000000228c100000) (1024K)]
  0x000001ebff71bb30 JavaThread "Thread-3"                   daemon [_thread_in_native, id=18364, stack(0x000000228c100000,0x000000228c200000) (1024K)]
  0x000001ebff7186b0 JavaThread "Thread-4"                   daemon [_thread_in_native, id=21480, stack(0x000000228c200000,0x000000228c300000) (1024K)]
  0x000001ebff71efb0 JavaThread "Thread-5"                   daemon [_thread_in_native, id=19112, stack(0x000000228c300000,0x000000228c400000) (1024K)]
  0x000001ebff71cee0 JavaThread "Thread-6"                   daemon [_thread_in_native, id=12436, stack(0x000000228c400000,0x000000228c500000) (1024K)]
  0x000001ebff71c1c0 JavaThread "Thread-7"                   daemon [_thread_in_native, id=15992, stack(0x000000228c500000,0x000000228c600000) (1024K)]
  0x000001ebff71dc00 JavaThread "Thread-8"                   daemon [_thread_in_native, id=21008, stack(0x000000228c600000,0x000000228c700000) (1024K)]
  0x000001ebff71d570 JavaThread "Thread-9"                   daemon [_thread_in_native, id=100, stack(0x000000228c700000,0x000000228c800000) (1024K)]
  0x000001ebff71e290 JavaThread "pool-2-thread-1"                   [_thread_blocked, id=9584, stack(0x000000228c900000,0x000000228ca00000) (1024K)]
  0x000001ebc512de40 JavaThread "WorkspaceEventsHandler"            [_thread_blocked, id=21372, stack(0x000000228ca00000,0x000000228cb00000) (1024K)]
  0x000001ebc512d120 JavaThread "pool-1-thread-1"                   [_thread_blocked, id=10564, stack(0x000000228cb00000,0x000000228cc00000) (1024K)]
  0x000001ebc31ce800 JavaThread "Cleaner-0"                  daemon [_thread_blocked, id=16288, stack(0x000000228d300000,0x000000228d400000) (1024K)]
  0x000001ebc1a83b40 JavaThread "Java Debug Server"          daemon [_thread_in_native, id=16984, stack(0x000000228de00000,0x000000228df00000) (1024K)]
  0x000001ebc1a841d0 JavaThread "RxSchedulerPurge-1"         daemon [_thread_blocked, id=20048, stack(0x000000228e700000,0x000000228e800000) (1024K)]
  0x000001ebc1a82e20 JavaThread "RxCachedWorkerPoolEvictor-1" daemon [_thread_blocked, id=10820, stack(0x000000228e800000,0x000000228e900000) (1024K)]
  0x000001ebc1a81a70 JavaThread "Worker-17: Synchronizing projects"        [_thread_in_Java, id=1028, stack(0x000000228c800000,0x000000228c900000) (1024K)]
  0x000001ebc31cfbb0 JavaThread "Worker-23"                         [_thread_blocked, id=21912, stack(0x000000228b600000,0x000000228b700000) (1024K)]
  0x000001ebc4c967f0 JavaThread "Worker-25"                         [_thread_blocked, id=13320, stack(0x0000002289700000,0x0000002289800000) (1024K)]
  0x000001ebc4c93370 JavaThread "LocalFile Deleter"          daemon [_thread_blocked, id=14312, stack(0x0000002289800000,0x0000002289900000) (1024K)]
  0x000001ebc4c94720 JavaThread "LocalFile Deleter"          daemon [_thread_blocked, id=18404, stack(0x000000228b700000,0x000000228b800000) (1024K)]
  0x000001ebc4c95ad0 JavaThread "LocalFile Deleter"          daemon [_thread_blocked, id=23280, stack(0x000000228b800000,0x000000228b900000) (1024K)]
  0x000001ebc4c97510 JavaThread "LocalFile Deleter"          daemon [_thread_blocked, id=15884, stack(0x000000228b900000,0x000000228ba00000) (1024K)]
  0x000001ebc4c94090 JavaThread "LocalFile Deleter"          daemon [_thread_blocked, id=23828, stack(0x000000228ba00000,0x000000228bb00000) (1024K)]
  0x000001ebc4c988c0 JavaThread "LocalFile Deleter"          daemon [_thread_blocked, id=1012, stack(0x000000228bc00000,0x000000228bd00000) (1024K)]
  0x000001ebc4c98f50 JavaThread "LocalFile Deleter"          daemon [_thread_blocked, id=22592, stack(0x000000228bd00000,0x000000228be00000) (1024K)]
  0x000001ebc4c9a300 JavaThread "LocalFile Deleter"          daemon [_thread_blocked, id=20340, stack(0x000000228be00000,0x000000228bf00000) (1024K)]
  0x000001ebc1a80d50 JavaThread "Compiler Source File Reader" daemon [_thread_blocked, id=9416, stack(0x000000228cc00000,0x000000228cd00000) (1024K)]
  0x000001ebc1a80030 JavaThread "Compiler Source File Reader" daemon [_thread_blocked, id=22496, stack(0x000000228cd00000,0x000000228ce00000) (1024K)]
  0x000001ebc1a806c0 JavaThread "Compiler Source File Reader" daemon [_thread_blocked, id=24388, stack(0x000000228ce00000,0x000000228cf00000) (1024K)]
  0x000001ebc1a7df60 JavaThread "Compiler Source File Reader" daemon [_thread_blocked, id=24408, stack(0x000000228cf00000,0x000000228d000000) (1024K)]
  0x000001ebc1a7e5f0 JavaThread "Compiler Source File Reader" daemon [_thread_blocked, id=15412, stack(0x000000228d000000,0x000000228d100000) (1024K)]
  0x000001ebc1a84ef0 JavaThread "Compiler Source File Reader" daemon [_thread_blocked, id=14808, stack(0x000000228d100000,0x000000228d200000) (1024K)]
  0x000001ebc1a85580 JavaThread "Compiler Processing Task"   daemon [_thread_blocked, id=20884, stack(0x000000228d400000,0x000000228d500000) (1024K)]
  0x000001ebc1a84860 JavaThread "Compiler Class File Writer" daemon [_thread_blocked, id=11396, stack(0x000000228d500000,0x000000228d600000) (1024K)]
  0x000001ebc1a834b0 JavaThread "Compiler Class File Writer" daemon [_thread_blocked, id=9684, stack(0x000000228d200000,0x000000228d300000) (1024K)]
  0x000001ebc1a82790 JavaThread "Compiler Class File Writer" daemon [_thread_blocked, id=24504, stack(0x000000228d600000,0x000000228d700000) (1024K)]
  0x000001ebc31cc0a0 JavaThread "Compiler Class File Writer" daemon [_thread_blocked, id=10388, stack(0x000000228d700000,0x000000228d800000) (1024K)]
  0x000001ebc31d29a0 JavaThread "Compiler Class File Writer" daemon [_thread_blocked, id=4892, stack(0x000000228d800000,0x000000228d900000) (1024K)]
  0x000001ebc31d2310 JavaThread "Compiler Class File Writer" daemon [_thread_blocked, id=14664, stack(0x000000228d900000,0x000000228da00000) (1024K)]
  0x000001ebc512d7b0 JavaThread "Worker-26: Flushing content description cache."        [_thread_blocked, id=15288, stack(0x000000228db00000,0x000000228dc00000) (1024K)]
  0x000001ebc512f1f0 JavaThread "Worker-27"                         [_thread_blocked, id=23792, stack(0x000000228dc00000,0x000000228dd00000) (1024K)]
  0x000001ebc2ca1500 JavaThread "C2 CompilerThread1"         daemon [_thread_blocked, id=7312, stack(0x000000228da00000,0x000000228db00000) (1024K)]
Total: 63

Other Threads:
  0x000001ebe0b9eb30 VMThread "VM Thread"                           [id=16188, stack(0x0000002289c00000,0x0000002289d00000) (1024K)]
  0x000001ebf938ca00 WatcherThread "VM Periodic Task Thread"        [id=21452, stack(0x0000002289b00000,0x0000002289c00000) (1024K)]
  0x000001ebe0afc5c0 WorkerThread "GC Thread#0"                     [id=20924, stack(0x0000002289a00000,0x0000002289b00000) (1024K)]
  0x000001ebff489510 WorkerThread "GC Thread#1"                     [id=18168, stack(0x000000228a800000,0x000000228a900000) (1024K)]
  0x000001ebff4898c0 WorkerThread "GC Thread#2"                     [id=10152, stack(0x000000228a900000,0x000000228aa00000) (1024K)]
  0x000001ebffb4d320 WorkerThread "GC Thread#3"                     [id=16244, stack(0x000000228aa00000,0x000000228ab00000) (1024K)]
  0x000001ebffb4d6d0 WorkerThread "GC Thread#4"                     [id=4340, stack(0x000000228ab00000,0x000000228ac00000) (1024K)]
  0x000001ebffb4da80 WorkerThread "GC Thread#5"                     [id=5216, stack(0x000000228ac00000,0x000000228ad00000) (1024K)]
  0x000001ebff817730 WorkerThread "GC Thread#6"                     [id=6124, stack(0x000000228ad00000,0x000000228ae00000) (1024K)]
  0x000001ebff818240 WorkerThread "GC Thread#7"                     [id=8444, stack(0x000000228b000000,0x000000228b100000) (1024K)]
Total: 10

Threads with active compile tasks:
C2 CompilerThread0  7027305 19732   !   4       org.eclipse.jdt.internal.core.JarPackageFragmentRoot::computeChildren (606 bytes)
Total: 1

VM state: not at safepoint (normal execution)

VM Mutex/Monitor currently owned by a thread: None

Heap address: 0x0000000080000000, size: 2048 MB, Compressed Oops mode: 32-bit

CDS archive(s) mapped at: [0x000001eb80000000-0x000001eb80ba0000-0x000001eb80ba0000), size 12189696, SharedBaseAddress: 0x000001eb80000000, ArchiveRelocationMode: 1.
Compressed class space mapped at: 0x000001eb81000000-0x000001ebc1000000, reserved size: 1073741824
Narrow klass base: 0x000001eb80000000, Narrow klass shift: 0, Narrow klass range: 0x100000000

GC Precious Log:
 CardTable entry size: 512
 CPUs: 8 total, 8 available
 Memory: 8070M
 Large Page Support: Disabled
 NUMA Support: Disabled
 Compressed Oops: Enabled (32-bit)
 Alignments: Space 512K, Generation 512K, Heap 2M
 Heap Min Capacity: 100M
 Heap Initial Capacity: 100M
 Heap Max Capacity: 2G
 Pre-touch: Disabled
 Parallel Workers: 8

Heap:
 PSYoungGen      total 10240K, used 7105K [0x00000000d5580000, 0x00000000d6000000, 0x0000000100000000)
  eden space 9728K, 69% used [0x00000000d5580000,0x00000000d5c14538,0x00000000d5f00000)
  from space 512K, 71% used [0x00000000d5f00000,0x00000000d5f5c248,0x00000000d5f80000)
  to   space 512K, 0% used [0x00000000d5f80000,0x00000000d5f80000,0x00000000d6000000)
 ParOldGen       total 638976K, used 638813K [0x0000000080000000, 0x00000000a7000000, 0x00000000d5580000)
  object space 638976K, 99% used [0x0000000080000000,0x00000000a6fd7640,0x00000000a7000000)
 Metaspace       used 86009K, committed 87552K, reserved 1179648K
  class space    used 8870K, committed 9536K, reserved 1048576K

Card table byte_map: [0x000001ebf47c0000,0x000001ebf4bd0000] _byte_map_base: 0x000001ebf43c0000

Marking Bits: (ParMarkBitMap*) 0x00007ff8ac383450
 Begin Bits: [0x000001ebf4e80000, 0x000001ebf6e80000)
 End Bits:   [0x000001ebf6e80000, 0x000001ebf8e80000)

Polling page: 0x000001ebe08b0000

Metaspace:

Usage:
  Non-class:     75.33 MB used.
      Class:      8.66 MB used.
       Both:     83.99 MB used.

Virtual space:
  Non-class space:      128.00 MB reserved,      76.19 MB ( 60%) committed,  2 nodes.
      Class space:        1.00 GB reserved,       9.31 MB ( <1%) committed,  1 nodes.
             Both:        1.12 GB reserved,      85.50 MB (  7%) committed. 

Chunk freelists:
   Non-Class:  3.55 MB
       Class:  6.62 MB
        Both:  10.17 MB

MaxMetaspaceSize: unlimited
CompressedClassSpaceSize: 1.00 GB
Initial GC threshold: 21.00 MB
Current GC threshold: 127.44 MB
CDS: on
 - commit_granule_bytes: 65536.
 - commit_granule_words: 8192.
 - virtual_space_node_default_size: 8388608.
 - enlarge_chunks_in_place: 1.
 - use_allocation_guard: 0.


Internal statistics:

num_allocs_failed_limit: 9.
num_arena_births: 1634.
num_arena_deaths: 424.
num_vsnodes_births: 3.
num_vsnodes_deaths: 0.
num_space_committed: 1368.
num_space_uncommitted: 0.
num_chunks_returned_to_freelist: 499.
num_chunks_taken_from_freelist: 5956.
num_chunk_merges: 140.
num_chunk_splits: 3413.
num_chunks_enlarged: 1880.
num_inconsistent_stats: 0.

CodeHeap 'non-profiled nmethods': size=120000Kb used=15587Kb max_used=15587Kb free=104413Kb
 bounds [0x000001ebed0b0000, 0x000001ebedff0000, 0x000001ebf45e0000]
CodeHeap 'profiled nmethods': size=120000Kb used=36735Kb max_used=36735Kb free=83264Kb
 bounds [0x000001ebe55e0000, 0x000001ebe79d0000, 0x000001ebecb10000]
CodeHeap 'non-nmethods': size=5760Kb used=1522Kb max_used=1602Kb free=4237Kb
 bounds [0x000001ebecb10000, 0x000001ebecd80000, 0x000001ebed0b0000]
CodeCache: size=245760Kb, used=53844Kb, max_used=53924Kb, free=191914Kb
 total_blobs=16184, nmethods=15336, adapters=751, full_count=0
Compilation: enabled, stopped_count=0, restarted_count=0

Compilation events (20 events):
Event: 7025.122 Thread 0x000001ebf948e8f0 nmethod 19726 0x000001ebe79b9210 code [0x000001ebe79b9ae0, 0x000001ebe79befc0]
Event: 7025.123 Thread 0x000001ebf948e8f0 19730   !   3       org.eclipse.jdt.internal.core.JavaProjectElementInfo::initializePackageNames (130 bytes)
Event: 7025.125 Thread 0x000001ebf948e8f0 nmethod 19730 0x000001ebe79c0c90 code [0x000001ebe79c0f80, 0x000001ebe79c24a0]
Event: 7025.126 Thread 0x000001ebc2ca1500 nmethod 19717 0x000001ebedfd8f10 code [0x000001ebedfd9180, 0x000001ebedfd97b8]
Event: 7025.126 Thread 0x000001ebc2ca1500 19729       4       org.eclipse.jdt.internal.core.PackageFragmentRoot::equals (58 bytes)
Event: 7025.150 Thread 0x000001ebc2ca1500 nmethod 19729 0x000001ebedfd9d90 code [0x000001ebedfda020, 0x000001ebedfdb180]
Event: 7025.150 Thread 0x000001ebc2ca1500 19727       4       org.eclipse.jdt.internal.core.JavaModel::isJimage (8 bytes)
Event: 7025.155 Thread 0x000001ebc2ca1500 nmethod 19727 0x000001ebedfdbc10 code [0x000001ebedfdbda0, 0x000001ebedfdc058]
Event: 7025.156 Thread 0x000001ebc2ca1500 19728       4       org.eclipse.jdt.internal.core.JavaModelManager::isJrt (5 bytes)
Event: 7025.160 Thread 0x000001ebc2ca1500 nmethod 19728 0x000001ebedfdc210 code [0x000001ebedfdc3a0, 0x000001ebedfdc638]
Event: 7025.223 Thread 0x000001ebc2ca1500 19731       4       org.eclipse.jdt.internal.core.JarPackageFragmentRoot::initRawPackageInfo (292 bytes)
Event: 7025.230 Thread 0x000001ebf948dda0 nmethod 19724 0x000001ebedfdc810 code [0x000001ebedfdcc80, 0x000001ebedfde8b0]
Event: 7025.239 Thread 0x000001ebf948dda0 19732   !   4       org.eclipse.jdt.internal.core.JarPackageFragmentRoot::computeChildren (606 bytes)
Event: 7025.381 Thread 0x000001ebc2ca1500 nmethod 19731 0x000001ebedfdfe10 code [0x000001ebedfe0300, 0x000001ebedfe3200]
Event: 7025.381 Thread 0x000001ebc2ca1500 19733   !   4       java.text.MessageFormat::makeFormat (696 bytes)
Event: 7025.408 Thread 0x000001ebc2ca1500 nmethod 19733 0x000001ebedfe5610 code [0x000001ebedfe58c0, 0x000001ebedfe6b30]
Event: 7025.457 Thread 0x000001ebc2ca1500 19734       4       java.util.Locale::getDefault (63 bytes)
Event: 7025.458 Thread 0x000001ebc2ca1500 nmethod 19734 0x000001ebedfe7910 code [0x000001ebedfe7aa0, 0x000001ebedfe7b80]
Event: 7025.505 Thread 0x000001ebc2ca1500 19735       4       org.eclipse.jdt.internal.core.JarPackageFragmentRoot$$Lambda/0x000001eb815ceb08::apply (8 bytes)
Event: 7025.527 Thread 0x000001ebc2ca1500 nmethod 19735 0x000001ebedfe7c90 code [0x000001ebedfe7ea0, 0x000001ebedfe87b8]

GC Heap History (20 events):
Event: 7025.638 GC heap before
{Heap before GC invocations=797 (full 5):
 PSYoungGen      total 6656K, used 6403K [0x00000000d5580000, 0x00000000d5c80000, 0x0000000100000000)
  eden space 6144K, 100% used [0x00000000d5580000,0x00000000d5b80000,0x00000000d5b80000)
  from space 512K, 50% used [0x00000000d5b80000,0x00000000d5bc0c00,0x00000000d5c00000)
  to   space 512K, 0% used [0x00000000d5c00000,0x00000000d5c00000,0x00000000d5c80000)
 ParOldGen       total 636416K, used 636162K [0x0000000080000000, 0x00000000a6d80000, 0x00000000d5580000)
  object space 636416K, 99% used [0x0000000080000000,0x00000000a6d40b60,0x00000000a6d80000)
 Metaspace       used 86009K, committed 87552K, reserved 1179648K
  class space    used 8870K, committed 9536K, reserved 1048576K
}
Event: 7025.641 GC heap after
{Heap after GC invocations=797 (full 5):
 PSYoungGen      total 6656K, used 323K [0x00000000d5580000, 0x00000000d5c80000, 0x0000000100000000)
  eden space 6144K, 0% used [0x00000000d5580000,0x00000000d5580000,0x00000000d5b80000)
  from space 512K, 63% used [0x00000000d5c00000,0x00000000d5c50ce0,0x00000000d5c80000)
  to   space 512K, 0% used [0x00000000d5b80000,0x00000000d5b80000,0x00000000d5c00000)
 ParOldGen       total 636416K, used 636194K [0x0000000080000000, 0x00000000a6d80000, 0x00000000d5580000)
  object space 636416K, 99% used [0x0000000080000000,0x00000000a6d48b60,0x00000000a6d80000)
 Metaspace       used 86009K, committed 87552K, reserved 1179648K
  class space    used 8870K, committed 9536K, reserved 1048576K
}
Event: 7025.669 GC heap before
{Heap before GC invocations=798 (full 5):
 PSYoungGen      total 6656K, used 6467K [0x00000000d5580000, 0x00000000d5c80000, 0x0000000100000000)
  eden space 6144K, 100% used [0x00000000d5580000,0x00000000d5b80000,0x00000000d5b80000)
  from space 512K, 63% used [0x00000000d5c00000,0x00000000d5c50ce0,0x00000000d5c80000)
  to   space 512K, 0% used [0x00000000d5b80000,0x00000000d5b80000,0x00000000d5c00000)
 ParOldGen       total 636416K, used 636194K [0x0000000080000000, 0x00000000a6d80000, 0x00000000d5580000)
  object space 636416K, 99% used [0x0000000080000000,0x00000000a6d48b60,0x00000000a6d80000)
 Metaspace       used 86009K, committed 87552K, reserved 1179648K
  class space    used 8870K, committed 9536K, reserved 1048576K
}
Event: 7025.677 GC heap after
{Heap after GC invocations=798 (full 5):
 PSYoungGen      total 6656K, used 227K [0x00000000d5580000, 0x00000000d5d80000, 0x0000000100000000)
  eden space 6144K, 0% used [0x00000000d5580000,0x00000000d5580000,0x00000000d5b80000)
  from space 512K, 44% used [0x00000000d5b80000,0x00000000d5bb8fa8,0x00000000d5c00000)
  to   space 512K, 0% used [0x00000000d5d00000,0x00000000d5d00000,0x00000000d5d80000)
 ParOldGen       total 636416K, used 636234K [0x0000000080000000, 0x00000000a6d80000, 0x00000000d5580000)
  object space 636416K, 99% used [0x0000000080000000,0x00000000a6d52b60,0x00000000a6d80000)
 Metaspace       used 86009K, committed 87552K, reserved 1179648K
  class space    used 8870K, committed 9536K, reserved 1048576K
}
Event: 7025.707 GC heap before
{Heap before GC invocations=799 (full 5):
 PSYoungGen      total 6656K, used 6371K [0x00000000d5580000, 0x00000000d5d80000, 0x0000000100000000)
  eden space 6144K, 100% used [0x00000000d5580000,0x00000000d5b80000,0x00000000d5b80000)
  from space 512K, 44% used [0x00000000d5b80000,0x00000000d5bb8fa8,0x00000000d5c00000)
  to   space 512K, 0% used [0x00000000d5d00000,0x00000000d5d00000,0x00000000d5d80000)
 ParOldGen       total 636416K, used 636234K [0x0000000080000000, 0x00000000a6d80000, 0x00000000d5580000)
  object space 636416K, 99% used [0x0000000080000000,0x00000000a6d52b60,0x00000000a6d80000)
 Metaspace       used 86009K, committed 87552K, reserved 1179648K
  class space    used 8870K, committed 9536K, reserved 1048576K
}
Event: 7025.710 GC heap after
{Heap after GC invocations=799 (full 5):
 PSYoungGen      total 6656K, used 341K [0x00000000d5580000, 0x00000000d5d80000, 0x0000000100000000)
  eden space 6144K, 0% used [0x00000000d5580000,0x00000000d5580000,0x00000000d5b80000)
  from space 512K, 66% used [0x00000000d5d00000,0x00000000d5d55478,0x00000000d5d80000)
  to   space 512K, 0% used [0x00000000d5b80000,0x00000000d5b80000,0x00000000d5c00000)
 ParOldGen       total 637440K, used 637038K [0x0000000080000000, 0x00000000a6e80000, 0x00000000d5580000)
  object space 637440K, 99% used [0x0000000080000000,0x00000000a6e1b8d8,0x00000000a6e80000)
 Metaspace       used 86009K, committed 87552K, reserved 1179648K
  class space    used 8870K, committed 9536K, reserved 1048576K
}
Event: 7025.725 GC heap before
{Heap before GC invocations=800 (full 5):
 PSYoungGen      total 6656K, used 6485K [0x00000000d5580000, 0x00000000d5d80000, 0x0000000100000000)
  eden space 6144K, 100% used [0x00000000d5580000,0x00000000d5b80000,0x00000000d5b80000)
  from space 512K, 66% used [0x00000000d5d00000,0x00000000d5d55478,0x00000000d5d80000)
  to   space 512K, 0% used [0x00000000d5b80000,0x00000000d5b80000,0x00000000d5c00000)
 ParOldGen       total 637440K, used 637038K [0x0000000080000000, 0x00000000a6e80000, 0x00000000d5580000)
  object space 637440K, 99% used [0x0000000080000000,0x00000000a6e1b8d8,0x00000000a6e80000)
 Metaspace       used 86009K, committed 87552K, reserved 1179648K
  class space    used 8870K, committed 9536K, reserved 1048576K
}
Event: 7025.727 GC heap after
{Heap after GC invocations=800 (full 5):
 PSYoungGen      total 6656K, used 192K [0x00000000d5580000, 0x00000000d5d80000, 0x0000000100000000)
  eden space 6144K, 0% used [0x00000000d5580000,0x00000000d5580000,0x00000000d5b80000)
  from space 512K, 37% used [0x00000000d5b80000,0x00000000d5bb0000,0x00000000d5c00000)
  to   space 512K, 0% used [0x00000000d5d00000,0x00000000d5d00000,0x00000000d5d80000)
 ParOldGen       total 637440K, used 637233K [0x0000000080000000, 0x00000000a6e80000, 0x00000000d5580000)
  object space 637440K, 99% used [0x0000000080000000,0x00000000a6e4c620,0x00000000a6e80000)
 Metaspace       used 86009K, committed 87552K, reserved 1179648K
  class space    used 8870K, committed 9536K, reserved 1048576K
}
Event: 7025.740 GC heap before
{Heap before GC invocations=801 (full 5):
 PSYoungGen      total 6656K, used 6336K [0x00000000d5580000, 0x00000000d5d80000, 0x0000000100000000)
  eden space 6144K, 100% used [0x00000000d5580000,0x00000000d5b80000,0x00000000d5b80000)
  from space 512K, 37% used [0x00000000d5b80000,0x00000000d5bb0000,0x00000000d5c00000)
  to   space 512K, 0% used [0x00000000d5d00000,0x00000000d5d00000,0x00000000d5d80000)
 ParOldGen       total 637440K, used 637233K [0x0000000080000000, 0x00000000a6e80000, 0x00000000d5580000)
  object space 637440K, 99% used [0x0000000080000000,0x00000000a6e4c620,0x00000000a6e80000)
 Metaspace       used 86009K, committed 87552K, reserved 1179648K
  class space    used 8870K, committed 9536K, reserved 1048576K
}
Event: 7025.742 GC heap after
{Heap after GC invocations=801 (full 5):
 PSYoungGen      total 7680K, used 256K [0x00000000d5580000, 0x00000000d5d80000, 0x0000000100000000)
  eden space 7168K, 0% used [0x00000000d5580000,0x00000000d5580000,0x00000000d5c80000)
  from space 512K, 50% used [0x00000000d5d00000,0x00000000d5d40000,0x00000000d5d80000)
  to   space 512K, 0% used [0x00000000d5c80000,0x00000000d5c80000,0x00000000d5d00000)
 ParOldGen       total 637440K, used 637361K [0x0000000080000000, 0x00000000a6e80000, 0x00000000d5580000)
  object space 637440K, 99% used [0x0000000080000000,0x00000000a6e6c620,0x00000000a6e80000)
 Metaspace       used 86009K, committed 87552K, reserved 1179648K
  class space    used 8870K, committed 9536K, reserved 1048576K
}
Event: 7025.759 GC heap before
{Heap before GC invocations=802 (full 5):
 PSYoungGen      total 7680K, used 7424K [0x00000000d5580000, 0x00000000d5d80000, 0x0000000100000000)
  eden space 7168K, 100% used [0x00000000d5580000,0x00000000d5c80000,0x00000000d5c80000)
  from space 512K, 50% used [0x00000000d5d00000,0x00000000d5d40000,0x00000000d5d80000)
  to   space 512K, 0% used [0x00000000d5c80000,0x00000000d5c80000,0x00000000d5d00000)
 ParOldGen       total 637440K, used 637361K [0x0000000080000000, 0x00000000a6e80000, 0x00000000d5580000)
  object space 637440K, 99% used [0x0000000080000000,0x00000000a6e6c620,0x00000000a6e80000)
 Metaspace       used 86009K, committed 87552K, reserved 1179648K
  class space    used 8870K, committed 9536K, reserved 1048576K
}
Event: 7025.761 GC heap after
{Heap after GC invocations=802 (full 5):
 PSYoungGen      total 7680K, used 224K [0x00000000d5580000, 0x00000000d5e80000, 0x0000000100000000)
  eden space 7168K, 0% used [0x00000000d5580000,0x00000000d5580000,0x00000000d5c80000)
  from space 512K, 43% used [0x00000000d5c80000,0x00000000d5cb8000,0x00000000d5d00000)
  to   space 512K, 0% used [0x00000000d5e00000,0x00000000d5e00000,0x00000000d5e80000)
 ParOldGen       total 637952K, used 637497K [0x0000000080000000, 0x00000000a6f00000, 0x00000000d5580000)
  object space 637952K, 99% used [0x0000000080000000,0x00000000a6e8e620,0x00000000a6f00000)
 Metaspace       used 86009K, committed 87552K, reserved 1179648K
  class space    used 8870K, committed 9536K, reserved 1048576K
}
Event: 7025.789 GC heap before
{Heap before GC invocations=803 (full 5):
 PSYoungGen      total 7680K, used 7392K [0x00000000d5580000, 0x00000000d5e80000, 0x0000000100000000)
  eden space 7168K, 100% used [0x00000000d5580000,0x00000000d5c80000,0x00000000d5c80000)
  from space 512K, 43% used [0x00000000d5c80000,0x00000000d5cb8000,0x00000000d5d00000)
  to   space 512K, 0% used [0x00000000d5e00000,0x00000000d5e00000,0x00000000d5e80000)
 ParOldGen       total 637952K, used 637497K [0x0000000080000000, 0x00000000a6f00000, 0x00000000d5580000)
  object space 637952K, 99% used [0x0000000080000000,0x00000000a6e8e620,0x00000000a6f00000)
 Metaspace       used 86009K, committed 87552K, reserved 1179648K
  class space    used 8870K, committed 9536K, reserved 1048576K
}
Event: 7025.794 GC heap after
{Heap after GC invocations=803 (full 5):
 PSYoungGen      total 8704K, used 320K [0x00000000d5580000, 0x00000000d5e80000, 0x0000000100000000)
  eden space 8192K, 0% used [0x00000000d5580000,0x00000000d5580000,0x00000000d5d80000)
  from space 512K, 62% used [0x00000000d5e00000,0x00000000d5e50000,0x00000000d5e80000)
  to   space 512K, 0% used [0x00000000d5d80000,0x00000000d5d80000,0x00000000d5e00000)
 ParOldGen       total 637952K, used 637649K [0x0000000080000000, 0x00000000a6f00000, 0x00000000d5580000)
  object space 637952K, 99% used [0x0000000080000000,0x00000000a6eb4620,0x00000000a6f00000)
 Metaspace       used 86009K, committed 87552K, reserved 1179648K
  class space    used 8870K, committed 9536K, reserved 1048576K
}
Event: 7025.817 GC heap before
{Heap before GC invocations=804 (full 5):
 PSYoungGen      total 8704K, used 8512K [0x00000000d5580000, 0x00000000d5e80000, 0x0000000100000000)
  eden space 8192K, 100% used [0x00000000d5580000,0x00000000d5d80000,0x00000000d5d80000)
  from space 512K, 62% used [0x00000000d5e00000,0x00000000d5e50000,0x00000000d5e80000)
  to   space 512K, 0% used [0x00000000d5d80000,0x00000000d5d80000,0x00000000d5e00000)
 ParOldGen       total 637952K, used 637649K [0x0000000080000000, 0x00000000a6f00000, 0x00000000d5580000)
  object space 637952K, 99% used [0x0000000080000000,0x00000000a6eb4620,0x00000000a6f00000)
 Metaspace       used 86009K, committed 87552K, reserved 1179648K
  class space    used 8870K, committed 9536K, reserved 1048576K
}
Event: 7025.819 GC heap after
{Heap after GC invocations=804 (full 5):
 PSYoungGen      total 8704K, used 352K [0x00000000d5580000, 0x00000000d6000000, 0x0000000100000000)
  eden space 8192K, 0% used [0x00000000d5580000,0x00000000d5580000,0x00000000d5d80000)
  from space 512K, 68% used [0x00000000d5d80000,0x00000000d5dd8000,0x00000000d5e00000)
  to   space 512K, 0% used [0x00000000d5f80000,0x00000000d5f80000,0x00000000d6000000)
 ParOldGen       total 637952K, used 637809K [0x0000000080000000, 0x00000000a6f00000, 0x00000000d5580000)
  object space 637952K, 99% used [0x0000000080000000,0x00000000a6edc620,0x00000000a6f00000)
 Metaspace       used 86009K, committed 87552K, reserved 1179648K
  class space    used 8870K, committed 9536K, reserved 1048576K
}
Event: 7025.924 GC heap before
{Heap before GC invocations=805 (full 5):
 PSYoungGen      total 8704K, used 8544K [0x00000000d5580000, 0x00000000d6000000, 0x0000000100000000)
  eden space 8192K, 100% used [0x00000000d5580000,0x00000000d5d80000,0x00000000d5d80000)
  from space 512K, 68% used [0x00000000d5d80000,0x00000000d5dd8000,0x00000000d5e00000)
  to   space 512K, 0% used [0x00000000d5f80000,0x00000000d5f80000,0x00000000d6000000)
 ParOldGen       total 637952K, used 637809K [0x0000000080000000, 0x00000000a6f00000, 0x00000000d5580000)
  object space 637952K, 99% used [0x0000000080000000,0x00000000a6edc620,0x00000000a6f00000)
 Metaspace       used 86009K, committed 87552K, reserved 1179648K
  class space    used 8870K, committed 9536K, reserved 1048576K
}
Event: 7025.926 GC heap after
{Heap after GC invocations=805 (full 5):
 PSYoungGen      total 8704K, used 507K [0x00000000d5580000, 0x00000000d6000000, 0x0000000100000000)
  eden space 8192K, 0% used [0x00000000d5580000,0x00000000d5580000,0x00000000d5d80000)
  from space 512K, 99% used [0x00000000d5f80000,0x00000000d5ffed98,0x00000000d6000000)
  to   space 1024K, 0% used [0x00000000d5e00000,0x00000000d5e00000,0x00000000d5f00000)
 ParOldGen       total 638464K, used 638043K [0x0000000080000000, 0x00000000a6f80000, 0x00000000d5580000)
  object space 638464K, 99% used [0x0000000080000000,0x00000000a6f16ff8,0x00000000a6f80000)
 Metaspace       used 86009K, committed 87552K, reserved 1179648K
  class space    used 8870K, committed 9536K, reserved 1048576K
}
Event: 7025.941 GC heap before
{Heap before GC invocations=806 (full 5):
 PSYoungGen      total 8704K, used 8699K [0x00000000d5580000, 0x00000000d6000000, 0x0000000100000000)
  eden space 8192K, 100% used [0x00000000d5580000,0x00000000d5d80000,0x00000000d5d80000)
  from space 512K, 99% used [0x00000000d5f80000,0x00000000d5ffed98,0x00000000d6000000)
  to   space 1024K, 0% used [0x00000000d5e00000,0x00000000d5e00000,0x00000000d5f00000)
 ParOldGen       total 638464K, used 638043K [0x0000000080000000, 0x00000000a6f80000, 0x00000000d5580000)
  object space 638464K, 99% used [0x0000000080000000,0x00000000a6f16ff8,0x00000000a6f80000)
 Metaspace       used 86009K, committed 87552K, reserved 1179648K
  class space    used 8870K, committed 9536K, reserved 1048576K
}
Event: 7025.950 GC heap after
{Heap after GC invocations=806 (full 5):
 PSYoungGen      total 9728K, used 224K [0x00000000d5580000, 0x00000000d6000000, 0x0000000100000000)
  eden space 8704K, 0% used [0x00000000d5580000,0x00000000d5580000,0x00000000d5e00000)
  from space 1024K, 21% used [0x00000000d5e00000,0x00000000d5e38000,0x00000000d5f00000)
  to   space 512K, 0% used [0x00000000d5f80000,0x00000000d5f80000,0x00000000d6000000)
 ParOldGen       total 638976K, used 638549K [0x0000000080000000, 0x00000000a7000000, 0x00000000d5580000)
  object space 638976K, 99% used [0x0000000080000000,0x00000000a6f95640,0x00000000a7000000)
 Metaspace       used 86009K, committed 87552K, reserved 1179648K
  class space    used 8870K, committed 9536K, reserved 1048576K
}

Dll operation events (12 events):
Event: 0.625 Loaded shared library c:\Users\Dell\.vscode\extensions\redhat.java-1.53.0-win32-x64\jre\21.0.10-win32-x86_64\bin\java.dll
Event: 1.067 Loaded shared library c:\Users\Dell\.vscode\extensions\redhat.java-1.53.0-win32-x64\jre\21.0.10-win32-x86_64\bin\zip.dll
Event: 1.114 Loaded shared library C:\Users\Dell\.vscode\extensions\redhat.java-1.53.0-win32-x64\jre\21.0.10-win32-x86_64\bin\instrument.dll
Event: 1.134 Loaded shared library C:\Users\Dell\.vscode\extensions\redhat.java-1.53.0-win32-x64\jre\21.0.10-win32-x86_64\bin\net.dll
Event: 1.445 Loaded shared library C:\Users\Dell\.vscode\extensions\redhat.java-1.53.0-win32-x64\jre\21.0.10-win32-x86_64\bin\nio.dll
Event: 1.450 Loaded shared library C:\Users\Dell\.vscode\extensions\redhat.java-1.53.0-win32-x64\jre\21.0.10-win32-x86_64\bin\zip.dll
Event: 1.469 Loaded shared library C:\Users\Dell\.vscode\extensions\redhat.java-1.53.0-win32-x64\jre\21.0.10-win32-x86_64\bin\jimage.dll
Event: 1.875 Loaded shared library c:\Users\Dell\.vscode\extensions\redhat.java-1.53.0-win32-x64\jre\21.0.10-win32-x86_64\bin\verify.dll
Event: 6.564 Loaded shared library C:\Users\Dell\AppData\Roaming\Code\User\globalStorage\redhat.java\1.53.0\config_win\org.eclipse.equinox.launcher\org.eclipse.equinox.launcher.win32.win32.x86_64_1.3.0.v20260203-2149\eclipse_11919.dll
Event: 28.997 Loaded shared library C:\Users\Dell\AppData\Local\Temp\jna-2126305\jna17048559637056230963.dll
Event: 66.430 Loaded shared library C:\Users\Dell\.vscode\extensions\redhat.java-1.53.0-win32-x64\jre\21.0.10-win32-x86_64\bin\extnet.dll
Event: 7013.228 Loaded shared library C:\Users\Dell\.vscode\extensions\redhat.java-1.53.0-win32-x64\jre\21.0.10-win32-x86_64\bin\sunmscapi.dll

Deoptimization events (20 events):
Event: 7024.648 Thread 0x000001ebc1a81a70 DEOPT PACKING pc=0x000001ebed170e34 sp=0x000000228c8feb80
Event: 7024.648 Thread 0x000001ebc1a81a70 DEOPT UNPACKING pc=0x000001ebecb63aa2 sp=0x000000228c8feb28 mode 2
Event: 7024.844 Thread 0x000001ebff71ae10 Uncommon trap: trap_request=0xffffff45 fr.pc=0x000001ebedd18f08 relative=0x00000000000047a8
Event: 7024.847 Thread 0x000001ebff71ae10 Uncommon trap: reason=unstable_if action=reinterpret pc=0x000001ebedd18f08 method=org.eclipse.jdt.internal.core.index.DiskIndex.readCategoryTable([CZ)Lorg/eclipse/jdt/internal/compiler/util/HashtableOfObject; @ 304 c2
Event: 7024.847 Thread 0x000001ebff71ae10 DEOPT PACKING pc=0x000001ebedd18f08 sp=0x000000228bbfea70
Event: 7024.847 Thread 0x000001ebff71ae10 DEOPT UNPACKING pc=0x000001ebecb63aa2 sp=0x000000228bbfea40 mode 2
Event: 7025.075 Thread 0x000001ebc1a81a70 Uncommon trap: trap_request=0xffffff45 fr.pc=0x000001ebedcd5504 relative=0x0000000000003a04
Event: 7025.075 Thread 0x000001ebc1a81a70 Uncommon trap: reason=unstable_if action=reinterpret pc=0x000001ebedcd5504 method=org.eclipse.jdt.internal.core.JavaProject.computePackageFragmentRoots(Lorg/eclipse/jdt/core/IClasspathEntry;Lorg/eclipse/jdt/internal/compiler/util/ObjectVector;Ljava/util/H
Event: 7025.075 Thread 0x000001ebc1a81a70 DEOPT PACKING pc=0x000001ebedcd5504 sp=0x000000228c8fdf90
Event: 7025.080 Thread 0x000001ebc1a81a70 DEOPT UNPACKING pc=0x000001ebecb63aa2 sp=0x000000228c8fdef8 mode 2
Event: 7025.239 Thread 0x000001ebc1a81a70 DEOPT PACKING pc=0x000001ebe673bb38 sp=0x000000228c8fe040
Event: 7025.239 Thread 0x000001ebc1a81a70 DEOPT UNPACKING pc=0x000001ebecb64242 sp=0x000000228c8fd610 mode 0
Event: 7025.618 Thread 0x000001ebc1a81a70 DEOPT PACKING pc=0x000001ebe673bb38 sp=0x000000228c8fe040
Event: 7025.619 Thread 0x000001ebc1a81a70 DEOPT UNPACKING pc=0x000001ebecb64242 sp=0x000000228c8fd610 mode 0
Event: 7025.800 Thread 0x000001ebc1a81a70 DEOPT PACKING pc=0x000001ebe673bb38 sp=0x000000228c8fe040
Event: 7025.800 Thread 0x000001ebc1a81a70 DEOPT UNPACKING pc=0x000001ebecb64242 sp=0x000000228c8fd610 mode 0
Event: 7025.813 Thread 0x000001ebc1a81a70 Uncommon trap: trap_request=0xffffffbe fr.pc=0x000001ebed6e17e0 relative=0x00000000000060c0
Event: 7025.814 Thread 0x000001ebc1a81a70 Uncommon trap: reason=profile_predicate action=maybe_recompile pc=0x000001ebed6e17e0 method=org.eclipse.jdt.internal.core.JarPackageFragmentRoot.computeChildren(Lorg/eclipse/jdt/internal/core/OpenableElementInfo;Lorg/eclipse/core/resources/IResource;)Z @ 
Event: 7025.814 Thread 0x000001ebc1a81a70 DEOPT PACKING pc=0x000001ebed6e17e0 sp=0x000000228c8fe160
Event: 7025.814 Thread 0x000001ebc1a81a70 DEOPT UNPACKING pc=0x000001ebecb63aa2 sp=0x000000228c8fe128 mode 2

Classes loaded (20 events):
Event: 7015.972 Loading class com/sun/crypto/provider/GaloisCounterMode$EncryptOp
Event: 7015.972 Loading class com/sun/crypto/provider/GaloisCounterMode$EncryptOp done
Event: 7015.973 Loading class javax/net/ssl/SSLEngineResult$HandshakeStatus
Event: 7015.973 Loading class javax/net/ssl/SSLEngineResult$HandshakeStatus done
Event: 7015.973 Loading class jdk/internal/event/TLSHandshakeEvent
Event: 7015.974 Loading class jdk/internal/event/TLSHandshakeEvent done
Event: 7016.031 Loading class sun/security/ssl/PostHandshakeContext
Event: 7016.031 Loading class sun/security/ssl/PostHandshakeContext done
Event: 7016.031 Loading class sun/security/ssl/NewSessionTicket$T13NewSessionTicketMessage
Event: 7016.032 Loading class sun/security/ssl/NewSessionTicket$NewSessionTicketMessage
Event: 7016.032 Loading class sun/security/ssl/NewSessionTicket$NewSessionTicketMessage done
Event: 7016.032 Loading class sun/security/ssl/NewSessionTicket$T13NewSessionTicketMessage done
Event: 7016.088 Loading class java/util/zip/CheckedInputStream
Event: 7016.094 Loading class java/util/zip/CheckedInputStream done
Event: 7016.107 Loading class java/nio/HeapByteBufferR
Event: 7016.112 Loading class java/nio/HeapByteBufferR done
Event: 7016.137 Loading class java/util/zip/GZIPInputStream$1
Event: 7016.137 Loading class java/util/zip/GZIPInputStream$1 done
Event: 7024.975 Loading class javax/xml/transform/TransformerConfigurationException
Event: 7024.987 Loading class javax/xml/transform/TransformerConfigurationException done

Classes unloaded (20 events):
Event: 2295.024 Thread 0x000001ebe0b9eb30 Unloading class 0x000001eb81017400 'java/lang/invoke/LambdaForm$MH+0x000001eb81017400'
Event: 2295.024 Thread 0x000001ebe0b9eb30 Unloading class 0x000001eb81016400 'java/lang/invoke/LambdaForm$MH+0x000001eb81016400'
Event: 2295.025 Thread 0x000001ebe0b9eb30 Unloading class 0x000001eb8100d800 'java/lang/invoke/LambdaForm$MH+0x000001eb8100d800'
Event: 2295.025 Thread 0x000001ebe0b9eb30 Unloading class 0x000001eb8100d400 'java/lang/invoke/LambdaForm$MH+0x000001eb8100d400'
Event: 2295.025 Thread 0x000001ebe0b9eb30 Unloading class 0x000001eb8100d000 'java/lang/invoke/LambdaForm$MH+0x000001eb8100d000'
Event: 2295.025 Thread 0x000001ebe0b9eb30 Unloading class 0x000001eb8100cc00 'java/lang/invoke/LambdaForm$MH+0x000001eb8100cc00'
Event: 2295.025 Thread 0x000001ebe0b9eb30 Unloading class 0x000001eb8100c800 'java/lang/invoke/LambdaForm$BMH+0x000001eb8100c800'
Event: 2295.025 Thread 0x000001ebe0b9eb30 Unloading class 0x000001eb8100c000 'java/lang/invoke/LambdaForm$DMH+0x000001eb8100c000'
Event: 2295.026 Thread 0x000001ebe0b9eb30 Unloading class 0x000001eb81008c00 'java/lang/invoke/LambdaForm$MH+0x000001eb81008c00'
Event: 2295.026 Thread 0x000001ebe0b9eb30 Unloading class 0x000001eb81008800 'java/lang/invoke/LambdaForm$MH+0x000001eb81008800'
Event: 2295.026 Thread 0x000001ebe0b9eb30 Unloading class 0x000001eb81008400 'java/lang/invoke/LambdaForm$MH+0x000001eb81008400'
Event: 2295.026 Thread 0x000001ebe0b9eb30 Unloading class 0x000001eb81007000 'java/lang/invoke/LambdaForm$MH+0x000001eb81007000'
Event: 2295.026 Thread 0x000001ebe0b9eb30 Unloading class 0x000001eb81006800 'java/lang/invoke/LambdaForm$MH+0x000001eb81006800'
Event: 2295.026 Thread 0x000001ebe0b9eb30 Unloading class 0x000001eb81006400 'java/lang/invoke/LambdaForm$MH+0x000001eb81006400'
Event: 2295.026 Thread 0x000001ebe0b9eb30 Unloading class 0x000001eb81006000 'java/lang/invoke/LambdaForm$MH+0x000001eb81006000'
Event: 2295.026 Thread 0x000001ebe0b9eb30 Unloading class 0x000001eb81005c00 'java/lang/invoke/LambdaForm$BMH+0x000001eb81005c00'
Event: 2295.026 Thread 0x000001ebe0b9eb30 Unloading class 0x000001eb81004800 'java/lang/invoke/LambdaForm$DMH+0x000001eb81004800'
Event: 2295.026 Thread 0x000001ebe0b9eb30 Unloading class 0x000001eb81002400 'java/lang/invoke/LambdaForm$MH+0x000001eb81002400'
Event: 2295.026 Thread 0x000001ebe0b9eb30 Unloading class 0x000001eb81002000 'java/lang/invoke/LambdaForm$MH+0x000001eb81002000'
Event: 2295.026 Thread 0x000001ebe0b9eb30 Unloading class 0x000001eb81001800 'java/lang/invoke/LambdaForm$MH+0x000001eb81001800'

Classes redefined (0 events):
No events

Internal exceptions (20 events):
Event: 7020.683 Thread 0x000001ebc4c967f0 Exception <a 'sun/nio/fs/WindowsException'{0x00000000d55bbf28}> (0x00000000d55bbf28) 
thrown [s\src\hotspot\share\prims\jni.cpp, line 520]
Event: 7020.705 Thread 0x000001ebc4c967f0 Exception <a 'sun/nio/fs/WindowsException'{0x00000000d55cfb78}> (0x00000000d55cfb78) 
thrown [s\src\hotspot\share\prims\jni.cpp, line 520]
Event: 7020.705 Thread 0x000001ebc4c967f0 Exception <a 'sun/nio/fs/WindowsException'{0x00000000d55d0660}> (0x00000000d55d0660) 
thrown [s\src\hotspot\share\prims\jni.cpp, line 520]
Event: 7020.936 Thread 0x000001ebc4c967f0 Exception <a 'sun/nio/fs/WindowsException'{0x00000000d5702a28}> (0x00000000d5702a28) 
thrown [s\src\hotspot\share\prims\jni.cpp, line 520]
Event: 7020.936 Thread 0x000001ebc4c967f0 Exception <a 'sun/nio/fs/WindowsException'{0x00000000d5703510}> (0x00000000d5703510) 
thrown [s\src\hotspot\share\prims\jni.cpp, line 520]
Event: 7020.962 Thread 0x000001ebc4c967f0 Exception <a 'java/lang/NoSuchMethodError'{0x00000000d57882c0}: static [Lorg/eclipse/jdt/core/IClasspathEntry;.<clinit>()V> (0x00000000d57882c0) 
thrown [s\src\hotspot\share\prims\jni.cpp, line 1111]
Event: 7020.964 Thread 0x000001ebc4c967f0 Exception <a 'java/lang/NoSuchMethodError'{0x00000000d5797050}: static [Lorg/eclipse/jdt/core/IAccessRule;.<clinit>()V> (0x00000000d5797050) 
thrown [s\src\hotspot\share\prims\jni.cpp, line 1111]
Event: 7020.964 Thread 0x000001ebc4c967f0 Exception <a 'java/lang/NoSuchMethodError'{0x00000000d5797cc8}: static [Lorg/eclipse/jdt/core/IClasspathAttribute;.<clinit>()V> (0x00000000d5797cc8) 
thrown [s\src\hotspot\share\prims\jni.cpp, line 1111]
Event: 7021.667 Thread 0x000001ebff71ae10 Exception <a 'sun/nio/fs/WindowsException'{0x00000000d584fa50}> (0x00000000d584fa50) 
thrown [s\src\hotspot\share\prims\jni.cpp, line 520]
Event: 7021.826 Thread 0x000001ebc1a81a70 Exception <a 'sun/nio/fs/WindowsException'{0x00000000d5665858}> (0x00000000d5665858) 
thrown [s\src\hotspot\share\prims\jni.cpp, line 520]
Event: 7021.826 Thread 0x000001ebc1a81a70 Exception <a 'sun/nio/fs/WindowsException'{0x00000000d56662e0}> (0x00000000d56662e0) 
thrown [s\src\hotspot\share\prims\jni.cpp, line 520]
Event: 7021.896 Thread 0x000001ebc1a81a70 Implicit null exception at 0x000001ebed230114 to 0x000001ebed2303a0
Event: 7022.049 Thread 0x000001ebc1a81a70 Implicit null exception at 0x000001ebedd3c8a0 to 0x000001ebedd3d7ec
Event: 7022.062 Thread 0x000001ebc1a81a70 Implicit null exception at 0x000001ebedc36509 to 0x000001ebedc365a9
Event: 7022.473 Thread 0x000001ebc1a81a70 Implicit null exception at 0x000001ebedc36949 to 0x000001ebedc37074
Event: 7022.598 Thread 0x000001ebff71ae10 Exception <a 'sun/nio/fs/WindowsException'{0x00000000d56695a8}> (0x00000000d56695a8) 
thrown [s\src\hotspot\share\prims\jni.cpp, line 520]
Event: 7023.207 Thread 0x000001ebc1a81a70 Implicit null exception at 0x000001ebedadf90b to 0x000001ebedae1584
Event: 7024.319 Thread 0x000001ebff71ae10 Exception <a 'sun/nio/fs/WindowsException'{0x00000000d56fdfa8}> (0x00000000d56fdfa8) 
thrown [s\src\hotspot\share\prims\jni.cpp, line 520]
Event: 7024.564 Thread 0x000001ebc1a81a70 Implicit null exception at 0x000001ebedfa0bc8 to 0x000001ebedfa17c0
Event: 7024.778 Thread 0x000001ebff71ae10 Exception <a 'sun/nio/fs/WindowsException'{0x00000000d57dbcd0}> (0x00000000d57dbcd0) 
thrown [s\src\hotspot\share\prims\jni.cpp, line 520]

ZGC Phase Switch (0 events):
No events

VM Operations (20 events):
Event: 7025.638 Executing safepoint VM operation: ParallelGCFailedAllocation (Allocation Failure)
Event: 7025.641 Executing safepoint VM operation: ParallelGCFailedAllocation (Allocation Failure) done
Event: 7025.669 Executing safepoint VM operation: ParallelGCFailedAllocation (Allocation Failure)
Event: 7025.678 Executing safepoint VM operation: ParallelGCFailedAllocation (Allocation Failure) done
Event: 7025.707 Executing safepoint VM operation: ParallelGCFailedAllocation (Allocation Failure)
Event: 7025.710 Executing safepoint VM operation: ParallelGCFailedAllocation (Allocation Failure) done
Event: 7025.725 Executing safepoint VM operation: ParallelGCFailedAllocation (Allocation Failure)
Event: 7025.727 Executing safepoint VM operation: ParallelGCFailedAllocation (Allocation Failure) done
Event: 7025.740 Executing safepoint VM operation: ParallelGCFailedAllocation (Allocation Failure)
Event: 7025.742 Executing safepoint VM operation: ParallelGCFailedAllocation (Allocation Failure) done
Event: 7025.759 Executing safepoint VM operation: ParallelGCFailedAllocation (Allocation Failure)
Event: 7025.761 Executing safepoint VM operation: ParallelGCFailedAllocation (Allocation Failure) done
Event: 7025.789 Executing safepoint VM operation: ParallelGCFailedAllocation (Allocation Failure)
Event: 7025.794 Executing safepoint VM operation: ParallelGCFailedAllocation (Allocation Failure) done
Event: 7025.816 Executing safepoint VM operation: ParallelGCFailedAllocation (Allocation Failure)
Event: 7025.819 Executing safepoint VM operation: ParallelGCFailedAllocation (Allocation Failure) done
Event: 7025.924 Executing safepoint VM operation: ParallelGCFailedAllocation (Allocation Failure)
Event: 7025.926 Executing safepoint VM operation: ParallelGCFailedAllocation (Allocation Failure) done
Event: 7025.941 Executing safepoint VM operation: ParallelGCFailedAllocation (Allocation Failure)
Event: 7025.951 Executing safepoint VM operation: ParallelGCFailedAllocation (Allocation Failure) done

Memory protections (0 events):
No events

Nmethod flushes (20 events):
Event: 2296.477 Thread 0x000001ebe0b9eb30 flushing  nmethod 0x000001ebe737bd90
Event: 2296.477 Thread 0x000001ebe0b9eb30 flushing  nmethod 0x000001ebe739bb90
Event: 2296.477 Thread 0x000001ebe0b9eb30 flushing  nmethod 0x000001ebe73a4510
Event: 2296.477 Thread 0x000001ebe0b9eb30 flushing  nmethod 0x000001ebe73a4f10
Event: 2296.477 Thread 0x000001ebe0b9eb30 flushing  nmethod 0x000001ebe73a5c10
Event: 2296.477 Thread 0x000001ebe0b9eb30 flushing  nmethod 0x000001ebe73a8d10
Event: 2296.477 Thread 0x000001ebe0b9eb30 flushing  nmethod 0x000001ebe73b2a90
Event: 2296.477 Thread 0x000001ebe0b9eb30 flushing osr nmethod 0x000001ebe73f9d10
Event: 2296.477 Thread 0x000001ebe0b9eb30 flushing  nmethod 0x000001ebe7468410
Event: 2296.477 Thread 0x000001ebe0b9eb30 flushing  nmethod 0x000001ebe7473c90
Event: 2296.477 Thread 0x000001ebe0b9eb30 flushing  nmethod 0x000001ebe748a890
Event: 2296.477 Thread 0x000001ebe0b9eb30 flushing osr nmethod 0x000001ebe7496b10
Event: 2296.477 Thread 0x000001ebe0b9eb30 flushing  nmethod 0x000001ebe749f810
Event: 2296.477 Thread 0x000001ebe0b9eb30 flushing  nmethod 0x000001ebe74a1990
Event: 2296.477 Thread 0x000001ebe0b9eb30 flushing  nmethod 0x000001ebe74ade90
Event: 2296.477 Thread 0x000001ebe0b9eb30 flushing  nmethod 0x000001ebe74e7090
Event: 2296.477 Thread 0x000001ebe0b9eb30 flushing osr nmethod 0x000001ebe75c2510
Event: 2296.477 Thread 0x000001ebe0b9eb30 flushing  nmethod 0x000001ebe75ce510
Event: 2296.477 Thread 0x000001ebe0b9eb30 flushing  nmethod 0x000001ebe75d0090
Event: 2296.477 Thread 0x000001ebe0b9eb30 flushing  nmethod 0x000001ebe7838d90

Events (20 events):
Event: 7018.149 Thread 0x000001ebc512ff10 Thread exited: 0x000001ebc512ff10
Event: 7018.465 Thread 0x000001ebf948e8f0 Thread added: 0x000001ebc2ca1500
Event: 7019.076 Thread 0x000001ebc2ca1500 Thread exited: 0x000001ebc2ca1500
Event: 7021.098 Thread 0x000001ebc4c967f0 Thread added: 0x000001ebc512f1f0
Event: 7021.098 Thread 0x000001ebc4c967f0 Thread added: 0x000001ebc512d7b0
Event: 7021.099 Thread 0x000001ebc4c967f0 Thread added: 0x000001ebc512f880
Event: 7021.099 Thread 0x000001ebc4c967f0 Thread added: 0x000001ebc512ff10
Event: 7021.099 Thread 0x000001ebc4c967f0 Thread added: 0x000001ebc51305a0
Event: 7021.177 Thread 0x000001ebc51305a0 Thread exited: 0x000001ebc51305a0
Event: 7021.177 Thread 0x000001ebc512d7b0 Thread exited: 0x000001ebc512d7b0
Event: 7021.177 Thread 0x000001ebc512f880 Thread exited: 0x000001ebc512f880
Event: 7021.177 Thread 0x000001ebc512f1f0 Thread exited: 0x000001ebc512f1f0
Event: 7021.178 Thread 0x000001ebc512ff10 Thread exited: 0x000001ebc512ff10
Event: 7021.312 Thread 0x000001ebf948e8f0 Thread added: 0x000001ebc2ca1500
Event: 7021.672 Thread 0x000001ebc31cfbb0 Thread added: 0x000001ebc512d7b0
Event: 7022.235 Thread 0x000001ebc2ca1500 Thread exited: 0x000001ebc2ca1500
Event: 7024.089 Thread 0x000001ebf948e8f0 Thread added: 0x000001ebc2ca1500
Event: 7024.324 Thread 0x000001ebc4c967f0 Thread added: 0x000001ebc512f1f0
Event: 7025.055 Thread 0x000001ebc2ca1500 Thread exited: 0x000001ebc2ca1500
Event: 7025.112 Thread 0x000001ebf948dda0 Thread added: 0x000001ebc2ca1500


Dynamic libraries:
0x00007ff758280000 - 0x00007ff75828e000 	c:\Users\Dell\.vscode\extensions\redhat.java-1.53.0-win32-x64\jre\21.0.10-win32-x86_64\bin\java.exe
0x00007ff9230c0000 - 0x00007ff923327000 	C:\WINDOWS\SYSTEM32\ntdll.dll
0x00007ff922580000 - 0x00007ff922649000 	C:\WINDOWS\System32\KERNEL32.DLL
0x00007ff920880000 - 0x00007ff920c71000 	C:\WINDOWS\System32\KERNELBASE.dll
0x00007ff9205e0000 - 0x00007ff92072b000 	C:\WINDOWS\System32\ucrtbase.dll
0x00007ff8ff4e0000 - 0x00007ff8ff4f8000 	c:\Users\Dell\.vscode\extensions\redhat.java-1.53.0-win32-x64\jre\21.0.10-win32-x86_64\bin\jli.dll
0x00007ff922650000 - 0x00007ff922815000 	C:\WINDOWS\System32\USER32.dll
0x00007ff91f9a0000 - 0x00007ff91f9c7000 	C:\WINDOWS\System32\win32u.dll
0x00007ff919990000 - 0x00007ff9199ae000 	c:\Users\Dell\.vscode\extensions\redhat.java-1.53.0-win32-x64\jre\21.0.10-win32-x86_64\bin\VCRUNTIME140.dll
0x00007ff921f40000 - 0x00007ff921f6b000 	C:\WINDOWS\System32\GDI32.dll
0x00007ff920d30000 - 0x00007ff920e5a000 	C:\WINDOWS\System32\gdi32full.dll
0x00007ff920530000 - 0x00007ff9205d3000 	C:\WINDOWS\System32\msvcp_win.dll
0x00007ff912030000 - 0x00007ff9122c3000 	C:\WINDOWS\WinSxS\amd64_microsoft.windows.common-controls_6595b64144ccf1df_6.0.26100.7922_none_3e089e1ee3342171\COMCTL32.dll
0x00007ff920e60000 - 0x00007ff920f09000 	C:\WINDOWS\System32\msvcrt.dll
0x00007ff922140000 - 0x00007ff922171000 	C:\WINDOWS\System32\IMM32.DLL
0x00007ff908ae0000 - 0x00007ff908aec000 	c:\Users\Dell\.vscode\extensions\redhat.java-1.53.0-win32-x64\jre\21.0.10-win32-x86_64\bin\vcruntime140_1.dll
0x00007ff8c2d00000 - 0x00007ff8c2d8d000 	c:\Users\Dell\.vscode\extensions\redhat.java-1.53.0-win32-x64\jre\21.0.10-win32-x86_64\bin\msvcp140.dll
0x00007ff8ab6c0000 - 0x00007ff8ac461000 	c:\Users\Dell\.vscode\extensions\redhat.java-1.53.0-win32-x64\jre\21.0.10-win32-x86_64\bin\server\jvm.dll
0x00007ff922a00000 - 0x00007ff922abb000 	C:\WINDOWS\System32\ADVAPI32.dll
0x00007ff922070000 - 0x00007ff922117000 	C:\WINDOWS\System32\sechost.dll
0x00007ff921830000 - 0x00007ff921948000 	C:\WINDOWS\System32\RPCRT4.dll
0x00007ff91f820000 - 0x00007ff91f87e000 	C:\WINDOWS\SYSTEM32\POWRPROF.dll
0x00007ff922820000 - 0x00007ff922894000 	C:\WINDOWS\System32\WS2_32.dll
0x00007ff9140a0000 - 0x00007ff9140ab000 	C:\WINDOWS\SYSTEM32\VERSION.dll
0x00007ff911ed0000 - 0x00007ff911f05000 	C:\WINDOWS\SYSTEM32\WINMM.dll
0x00007ff91f800000 - 0x00007ff91f814000 	C:\WINDOWS\SYSTEM32\UMPDC.dll
0x00007ff91e6f0000 - 0x00007ff91e70b000 	C:\WINDOWS\SYSTEM32\kernel.appcore.dll
0x00007ff8ffb30000 - 0x00007ff8ffb3a000 	c:\Users\Dell\.vscode\extensions\redhat.java-1.53.0-win32-x64\jre\21.0.10-win32-x86_64\bin\jimage.dll
0x00007ff91a040000 - 0x00007ff91a282000 	C:\WINDOWS\SYSTEM32\DBGHELP.DLL
0x00007ff922180000 - 0x00007ff922502000 	C:\WINDOWS\System32\combase.dll
0x00007ff920f40000 - 0x00007ff921017000 	C:\WINDOWS\System32\OLEAUT32.dll
0x00007ff904990000 - 0x00007ff9049cb000 	C:\WINDOWS\SYSTEM32\dbgcore.DLL
0x00007ff920c80000 - 0x00007ff920d25000 	C:\WINDOWS\System32\bcryptPrimitives.dll
0x00007ff8fc6d0000 - 0x00007ff8fc6df000 	c:\Users\Dell\.vscode\extensions\redhat.java-1.53.0-win32-x64\jre\21.0.10-win32-x86_64\bin\instrument.dll
0x00007ff8f69d0000 - 0x00007ff8f69f0000 	c:\Users\Dell\.vscode\extensions\redhat.java-1.53.0-win32-x64\jre\21.0.10-win32-x86_64\bin\java.dll
0x00007ff921020000 - 0x00007ff92177f000 	C:\WINDOWS\System32\SHELL32.dll
0x00007ff91fb50000 - 0x00007ff91fcba000 	C:\WINDOWS\System32\wintypes.dll
0x00007ff91fcc0000 - 0x00007ff920524000 	C:\WINDOWS\System32\windows.storage.dll
0x00007ff9228a0000 - 0x00007ff922997000 	C:\WINDOWS\System32\SHCORE.dll
0x00007ff922d60000 - 0x00007ff922dc7000 	C:\WINDOWS\System32\shlwapi.dll
0x00007ff91f8c0000 - 0x00007ff91f8e9000 	C:\WINDOWS\SYSTEM32\profapi.dll
0x00007ff8ef2d0000 - 0x00007ff8ef2e8000 	c:\Users\Dell\.vscode\extensions\redhat.java-1.53.0-win32-x64\jre\21.0.10-win32-x86_64\bin\zip.dll
0x00007ff8fa340000 - 0x00007ff8fa350000 	C:\Users\Dell\.vscode\extensions\redhat.java-1.53.0-win32-x64\jre\21.0.10-win32-x86_64\bin\net.dll
0x00007ff914590000 - 0x00007ff9146b7000 	C:\WINDOWS\SYSTEM32\WINHTTP.dll
0x00007ff91ec40000 - 0x00007ff91ecab000 	C:\WINDOWS\system32\mswsock.dll
0x00007ff8ee580000 - 0x00007ff8ee596000 	C:\Users\Dell\.vscode\extensions\redhat.java-1.53.0-win32-x64\jre\21.0.10-win32-x86_64\bin\nio.dll
0x00007ff8f8a10000 - 0x00007ff8f8a20000 	c:\Users\Dell\.vscode\extensions\redhat.java-1.53.0-win32-x64\jre\21.0.10-win32-x86_64\bin\verify.dll
0x00007ff8e6e60000 - 0x00007ff8e6ea5000 	C:\Users\Dell\AppData\Roaming\Code\User\globalStorage\redhat.java\1.53.0\config_win\org.eclipse.equinox.launcher\org.eclipse.equinox.launcher.win32.win32.x86_64_1.3.0.v20260203-2149\eclipse_11919.dll
0x00007ff922ee0000 - 0x00007ff923075000 	C:\WINDOWS\System32\ole32.dll
0x00007ff91f040000 - 0x00007ff91f05b000 	C:\WINDOWS\SYSTEM32\CRYPTSP.dll
0x00007ff91e650000 - 0x00007ff91e689000 	C:\WINDOWS\system32\rsaenh.dll
0x00007ff91ecf0000 - 0x00007ff91ed22000 	C:\WINDOWS\SYSTEM32\USERENV.dll
0x00007ff91f890000 - 0x00007ff91f8ba000 	C:\WINDOWS\SYSTEM32\bcrypt.dll
0x00007ff91f020000 - 0x00007ff91f02c000 	C:\WINDOWS\SYSTEM32\CRYPTBASE.dll
0x00007ff91e000000 - 0x00007ff91e033000 	C:\WINDOWS\SYSTEM32\IPHLPAPI.DLL
0x00007ff9217a0000 - 0x00007ff9217aa000 	C:\WINDOWS\System32\NSI.dll
0x00007ff8ea060000 - 0x00007ff8ea0a9000 	C:\Users\Dell\AppData\Local\Temp\jna-2126305\jna17048559637056230963.dll
0x00007ff921790000 - 0x00007ff921798000 	C:\WINDOWS\System32\PSAPI.DLL
0x00007ff914190000 - 0x00007ff9141ad000 	C:\WINDOWS\SYSTEM32\dhcpcsvc6.DLL
0x00007ff914070000 - 0x00007ff914093000 	C:\WINDOWS\SYSTEM32\dhcpcsvc.DLL
0x00007ff8f89a0000 - 0x00007ff8f89a9000 	C:\Users\Dell\.vscode\extensions\redhat.java-1.53.0-win32-x64\jre\21.0.10-win32-x86_64\bin\extnet.dll
0x00007ff916bb0000 - 0x00007ff916bbe000 	C:\Users\Dell\.vscode\extensions\redhat.java-1.53.0-win32-x64\jre\21.0.10-win32-x86_64\bin\sunmscapi.dll
0x00007ff91f9d0000 - 0x00007ff91fb47000 	C:\WINDOWS\System32\CRYPT32.dll
0x00007ff91f1a0000 - 0x00007ff91f1d0000 	C:\WINDOWS\SYSTEM32\ncrypt.dll
0x00007ff91f150000 - 0x00007ff91f18f000 	C:\WINDOWS\SYSTEM32\NTASN1.dll
0x00007ff91e120000 - 0x00007ff91e24a000 	C:\WINDOWS\SYSTEM32\DNSAPI.dll
0x00007ff911a80000 - 0x00007ff911a8b000 	C:\Windows\System32\rasadhlp.dll
0x00007ff913490000 - 0x00007ff913516000 	C:\WINDOWS\System32\fwpuclnt.dll

JVMTI agents:
c:\Users\Dell\.vscode\extensions\redhat.java-1.53.0-win32-x64\lombok\lombok-1.18.39-4050.jar path:c:\Users\Dell\.vscode\extensions\redhat.java-1.53.0-win32-x64\jre\21.0.10-win32-x86_64\bin\instrument.dll, loaded, initialized, instrumentlib options:none

dbghelp: loaded successfully - version: 4.0.5 - missing functions: none
symbol engine: initialized successfully - sym options: 0x614 - pdb path: .;c:\Users\Dell\.vscode\extensions\redhat.java-1.53.0-win32-x64\jre\21.0.10-win32-x86_64\bin;C:\WINDOWS\SYSTEM32;C:\WINDOWS\WinSxS\amd64_microsoft.windows.common-controls_6595b64144ccf1df_6.0.26100.7922_none_3e089e1ee3342171;c:\Users\Dell\.vscode\extensions\redhat.java-1.53.0-win32-x64\jre\21.0.10-win32-x86_64\bin\server;C:\Users\Dell\AppData\Roaming\Code\User\globalStorage\redhat.java\1.53.0\config_win\org.eclipse.equinox.launcher\org.eclipse.equinox.launcher.win32.win32.x86_64_1.3.0.v20260203-2149;C:\Users\Dell\AppData\Local\Temp\jna-2126305

VM Arguments:
jvm_args: --add-modules=ALL-SYSTEM --add-opens=java.base/java.util=ALL-UNNAMED --add-opens=java.base/java.lang=ALL-UNNAMED --add-opens=java.base/sun.nio.fs=ALL-UNNAMED -Declipse.application=org.eclipse.jdt.ls.core.id1 -Dosgi.bundles.defaultStartLevel=4 -Declipse.product=org.eclipse.jdt.ls.core.product -Djava.import.generatesMetadataFilesAtProjectRoot=false -DDetectVMInstallationsJob.disabled=true -Dfile.encoding=utf8 -XX:+UseParallelGC -XX:GCTimeRatio=4 -XX:AdaptiveSizePolicyWeight=90 -Dsun.zip.disableMemoryMapping=true -Xmx2G -Xms100m -Xlog:disable -javaagent:c:\Users\Dell\.vscode\extensions\redhat.java-1.53.0-win32-x64\lombok\lombok-1.18.39-4050.jar -XX:+HeapDumpOnOutOfMemoryError -XX:HeapDumpPath=c:\Users\Dell\AppData\Roaming\Code\User\workspaceStorage\36d224bc502b4944a92383fba9c9c796\redhat.java -Daether.dependencyCollector.impl=bf 
java_command: c:\Users\Dell\.vscode\extensions\redhat.java-1.53.0-win32-x64\server\plugins\org.eclipse.equinox.launcher_1.7.100.v20251111-0406.jar -configuration c:\Users\Dell\AppData\Roaming\Code\User\globalStorage\redhat.java\1.53.0\config_win -data c:\Users\Dell\AppData\Roaming\Code\User\workspaceStorage\36d224bc502b4944a92383fba9c9c796\redhat.java\jdt_ws --pipe=\\.\pipe\lsp-e99a187c715b2dde14b6d204a72fe8bf-sock
java_class_path (initial): c:\Users\Dell\.vscode\extensions\redhat.java-1.53.0-win32-x64\server\plugins\org.eclipse.equinox.launcher_1.7.100.v20251111-0406.jar
Launcher Type: SUN_STANDARD

[Global flags]
    uintx AdaptiveSizePolicyWeight                 = 90                                        {product} {command line}
     intx CICompilerCount                          = 4                                         {product} {ergonomic}
    uintx GCTimeRatio                              = 4                                         {product} {command line}
     bool HeapDumpOnOutOfMemoryError               = true                                   {manageable} {command line}
    ccstr HeapDumpPath                             = c:\Users\Dell\AppData\Roaming\Code\User\workspaceStorage\36d224bc502b4944a92383fba9c9c796\redhat.java         {manageable} {command line}
   size_t InitialHeapSize                          = 104857600                                 {product} {command line}
   size_t MaxHeapSize                              = 2147483648                                {product} {command line}
   size_t MaxNewSize                               = 715653120                                 {product} {ergonomic}
   size_t MinHeapDeltaBytes                        = 524288                                    {product} {ergonomic}
   size_t MinHeapSize                              = 104857600                                 {product} {command line}
   size_t NewSize                                  = 34603008                                  {product} {ergonomic}
    uintx NonNMethodCodeHeapSize                   = 5839372                                {pd product} {ergonomic}
    uintx NonProfiledCodeHeapSize                  = 122909434                              {pd product} {ergonomic}
   size_t OldSize                                  = 70254592                                  {product} {ergonomic}
    uintx ProfiledCodeHeapSize                     = 122909434                              {pd product} {ergonomic}
    uintx ReservedCodeCacheSize                    = 251658240                              {pd product} {ergonomic}
     bool SegmentedCodeCache                       = true                                      {product} {ergonomic}
   size_t SoftMaxHeapSize                          = 2147483648                             {manageable} {ergonomic}
     bool UseCompressedOops                        = true                           {product lp64_product} {ergonomic}
     bool UseLargePagesIndividualAllocation        = false                                  {pd product} {ergonomic}
     bool UseParallelGC                            = true                                      {product} {command line}

Logging:
Log output configuration:
 #0: stdout all=off uptime,level,tags foldmultilines=false
 #1: stderr all=off uptime,level,tags foldmultilines=false

Release file:
JAVA_VERSION="21.0.10" 
MODULES="java.base java.compiler java.datatransfer java.xml java.prefs java.desktop java.instrument java.logging java.management java.security.sasl java.naming java.rmi java.management.rmi java.net.http java.scripting java.security.jgss java.transaction.xa java.sql java.sql.rowset java.xml.crypto java.se java.smartcardio jdk.accessibility jdk.internal.jvmstat jdk.attach jdk.charsets jdk.internal.opt jdk.zipfs jdk.compiler jdk.crypto.ec jdk.crypto.cryptoki jdk.crypto.mscapi jdk.dynalink jdk.internal.ed jdk.editpad jdk.hotspot.agent jdk.httpserver jdk.internal.le jdk.internal.vm.ci jdk.internal.vm.compiler jdk.internal.vm.compiler.management jdk.jartool jdk.javadoc jdk.jcmd jdk.management jdk.management.agent jdk.jconsole jdk.jdeps jdk.jdwp.agent jdk.jdi jdk.jfr jdk.jshell jdk.jsobject jdk.jstatd jdk.localedata jdk.management.jfr jdk.naming.dns jdk.naming.rmi jdk.net jdk.nio.mapmode jdk.random jdk.sctp jdk.security.auth jdk.security.jgss jdk.unsupported jdk.unsupported.desktop jdk.xml.dom" 

Environment Variables:
PATH=C:\Users\Dell\AppData\Local\Programs\Microsoft VS Code;C:\Program Files\Python310\Scripts\;C:\Program Files\Python310\;C:\Program Files\Common Files\Oracle\Java\javapath;C:\WINDOWS\system32;C:\WINDOWS;C:\WINDOWS\System32\Wbem;C:\WINDOWS\System32\WindowsPowerShell\v1.0\;C:\WINDOWS\System32\OpenSSH\;C:\Program Files\nodejs\;C:\Program Files\MATLAB\R2025b\bin;C:\Program Files\Git\cmd;C:\Users\Dell\Downloads\apache-maven-3.9.12-bin\apache-maven-3.9.12\bin;C:\Program Files\MySQL\MySQL Shell 8.0\bin\;C:\Users\Dell\AppData\Local\Microsoft\WindowsApps;C:\Users\Dell\AppData\Roaming\npm;C:\Users\Dell\AppData\Local\Programs\Microsoft VS Code\bin
USERNAME=Dell
OS=Windows_NT
PROCESSOR_IDENTIFIER=Intel64 Family 6 Model 142 Stepping 10, GenuineIntel
TMP=C:\Users\Dell\AppData\Local\Temp
TEMP=C:\Users\Dell\AppData\Local\Temp




Periodic native trim disabled

---------------  S Y S T E M  ---------------

OS:
 Windows 11 , 64 bit Build 26100 (10.0.26100.7920)
OS uptime: 7 days 21:32 hours
Hyper-V role detected

CPU: total 8 (initial active 8) (4 cores per cpu, 2 threads per core) family 6 model 142 stepping 10 microcode 0xf0, cx8, cmov, fxsr, ht, mmx, 3dnowpref, sse, sse2, sse3, ssse3, sse4.1, sse4.2, popcnt, lzcnt, tsc, tscinvbit, avx, avx2, aes, erms, clmul, bmi1, bmi2, rtm, adx, fma, vzeroupper, clflush, clflushopt, hv, rdtscp, f16c
Processor Information for the first 8 processors :
  Max Mhz: 1896, Current Mhz: 1696, Mhz Limit: 1687

Memory: 4k page, system-wide physical 8070M (440M free)
TotalPageFile size 25705M (AvailPageFile size 0M)
current process WorkingSet (physical memory assigned to process): 338M, peak: 668M
current process commit charge ("private bytes"): 993M, peak: 994M

vm_info: OpenJDK 64-Bit Server VM (21.0.10+7-LTS) for windows-amd64 JRE (21.0.10+7-LTS), built on 2026-01-20T00:00:00Z by "admin" with MS VC++ 17.12 (VS2022)

END.
